{"uuid":"7ff386a8-272a-49c2-8bb1-25edd6716ee5","name":"Dummy test2","children":["369f12f6-cad7-4052-acc9-16d47d4ab7cb","c1e7d995-3365-45b0-9af1-6448a311ead6","e750b249-c626-4e5f-866d-7f369662ee32"],"befores":[{"name":"beforeTest","status":"broken","statusDetails":{"known":false,"muted":false,"flaky":false,"message":"Could not start a new session. Response code 500. Message: An unknown server-side error occurred while processing the command. Original error: Unable to launch WebDriverAgent because of xcodebuild failure: xcodebuild failed with code 65\nxcodebuild error message:\n\n2023-11-22 19:58:08.744623+0100 WebDriverAgentRunner-Runner[84327:27106426] [assertion] Error acquiring assertion: <Error Domain=RBSAssertionErrorDomain Code=2 \"Specified target process does not exist\" UserInfo={NSLocalizedFailureReason=Specified target process does not exist}>\n2023-11-22 19:58:08.744722+0100 WebDriverAgentRunner-Runner[84327:27106426] [Default] Failed to acquire temporary process assertion. Execution may be interrupted.\n2023-11-22 19:58:42.827 xcodebuild[84291:27104982] [MT] IDETestOperationsObserverDebug: 51.285 elapsed -- Testing started completed.\n2023-11-22 19:58:42.827 xcodebuild[84291:27104982] [MT] IDETestOperationsObserverDebug: 0.000 sec, +0.000 sec -- start\n2023-11-22 19:58:42.827 xcodebuild[84291:27104982] [MT] IDETestOperationsObserverDebug: 51.285 sec, +51.285 sec -- end\nTest session results, code coverage, and logs:\n\t/Users/ipodovinnikov/Library/Developer/Xcode/DerivedData/WebDriverAgent-gcterfjwdyvszxcbjljgvnqdwklh/Logs/Test/Test-WebDriverAgentRunner-2023.11.22_19-57-51-+0100.xcresult\nTesting failed:\n\tRun test suite UITestingUITests encountered an error (Early unexpected exit, operation never finished bootstrapping - no restart will be attempted. (Underlying Error: Test crashed with signal kill before starting test execution.))\nFailing tests:\n\t-[UITestingUITests testRunner]\n** TEST EXECUTE FAILED **\nTesting started \nHost info: host: 'C12318', ip: 'fe80:0:0:0:10bb:abad:e7e9:bb20%en0'\nBuild info: version: '4.15.0', revision: '1d14b5521b'\nSystem info: os.name: 'Mac OS X', os.arch: 'aarch64', os.version: '13.6', java.version: '17.0.8'\nDriver info: io.appium.java_client.ios.IOSDriver\nCommand: [null, newSession {capabilities=[{appium:app=/Users/ipodovinnikov/Downloads/AmericanEagle_13.8.0-2880-24A-Develop_Simulator.app, appium:automationName=XCUITest, platformName=IOS, appium:udid=93CA1939-4C7D-443D-9C46-4370206CBFD1}], desiredCapabilities=Capabilities {appium:app: /Users/ipodovinnikov/Downlo..., appium:automationName: XCUITest, platformName: IOS, udid: 93CA1939-4C7D-443D-9C46-437...}}]\nCapabilities {appium:app: /Users/ipodovinnikov/Downlo..., appium:automationName: XCUITest, platformName: IOS, udid: 93CA1939-4C7D-443D-9C46-437...}","trace":"org.openqa.selenium.SessionNotCreatedException: Could not start a new session. Response code 500. Message: An unknown server-side error occurred while processing the command. Original error: Unable to launch WebDriverAgent because of xcodebuild failure: xcodebuild failed with code 65\nxcodebuild error message:\n\n2023-11-22 19:58:08.744623+0100 WebDriverAgentRunner-Runner[84327:27106426] [assertion] Error acquiring assertion: <Error Domain=RBSAssertionErrorDomain Code=2 \"Specified target process does not exist\" UserInfo={NSLocalizedFailureReason=Specified target process does not exist}>\n2023-11-22 19:58:08.744722+0100 WebDriverAgentRunner-Runner[84327:27106426] [Default] Failed to acquire temporary process assertion. Execution may be interrupted.\n2023-11-22 19:58:42.827 xcodebuild[84291:27104982] [MT] IDETestOperationsObserverDebug: 51.285 elapsed -- Testing started completed.\n2023-11-22 19:58:42.827 xcodebuild[84291:27104982] [MT] IDETestOperationsObserverDebug: 0.000 sec, +0.000 sec -- start\n2023-11-22 19:58:42.827 xcodebuild[84291:27104982] [MT] IDETestOperationsObserverDebug: 51.285 sec, +51.285 sec -- end\nTest session results, code coverage, and logs:\n\t/Users/ipodovinnikov/Library/Developer/Xcode/DerivedData/WebDriverAgent-gcterfjwdyvszxcbjljgvnqdwklh/Logs/Test/Test-WebDriverAgentRunner-2023.11.22_19-57-51-+0100.xcresult\nTesting failed:\n\tRun test suite UITestingUITests encountered an error (Early unexpected exit, operation never finished bootstrapping - no restart will be attempted. (Underlying Error: Test crashed with signal kill before starting test execution.))\nFailing tests:\n\t-[UITestingUITests testRunner]\n** TEST EXECUTE FAILED **\nTesting started \nHost info: host: 'C12318', ip: 'fe80:0:0:0:10bb:abad:e7e9:bb20%en0'\nBuild info: version: '4.15.0', revision: '1d14b5521b'\nSystem info: os.name: 'Mac OS X', os.arch: 'aarch64', os.version: '13.6', java.version: '17.0.8'\nDriver info: io.appium.java_client.ios.IOSDriver\nCommand: [null, newSession {capabilities=[{appium:app=/Users/ipodovinnikov/Downloads/AmericanEagle_13.8.0-2880-24A-Develop_Simulator.app, appium:automationName=XCUITest, platformName=IOS, appium:udid=93CA1939-4C7D-443D-9C46-4370206CBFD1}], desiredCapabilities=Capabilities {appium:app: /Users/ipodovinnikov/Downlo..., appium:automationName: XCUITest, platformName: IOS, udid: 93CA1939-4C7D-443D-9C46-437...}}]\nCapabilities {appium:app: /Users/ipodovinnikov/Downlo..., appium:automationName: XCUITest, platformName: IOS, udid: 93CA1939-4C7D-443D-9C46-437...}\n\tat org.openqa.selenium.remote.ProtocolHandshake.createSession(ProtocolHandshake.java:140)\n\tat java.base/jdk.internal.reflect.NativeMethodAccessorImpl.invoke0(Native Method)\n\tat java.base/jdk.internal.reflect.NativeMethodAccessorImpl.invoke(NativeMethodAccessorImpl.java:77)\n\tat java.base/jdk.internal.reflect.DelegatingMethodAccessorImpl.invoke(DelegatingMethodAccessorImpl.java:43)\n\tat java.base/java.lang.reflect.Method.invoke(Method.java:568)\n\tat io.appium.java_client.remote.AppiumProtocolHandshake.createSession(AppiumProtocolHandshake.java:133)\n\tat io.appium.java_client.remote.AppiumProtocolHandshake.createSession(AppiumProtocolHandshake.java:102)\n\tat io.appium.java_client.remote.AppiumCommandExecutor.createSession(AppiumCommandExecutor.java:177)\n\tat io.appium.java_client.remote.AppiumCommandExecutor.execute(AppiumCommandExecutor.java:238)\n\tat org.openqa.selenium.remote.RemoteWebDriver.execute(RemoteWebDriver.java:607)\n\tat io.appium.java_client.AppiumDriver.startSession(AppiumDriver.java:268)\n\tat org.openqa.selenium.remote.RemoteWebDriver.<init>(RemoteWebDriver.java:168)\n\tat io.appium.java_client.AppiumDriver.<init>(AppiumDriver.java:90)\n\tat io.appium.java_client.AppiumDriver.<init>(AppiumDriver.java:113)\n\tat io.appium.java_client.AppiumDriver.<init>(AppiumDriver.java:138)\n\tat io.appium.java_client.ios.IOSDriver.<init>(IOSDriver.java:238)\n\tat com.aeo.nativeappnew.core.DriverManager.createWebDriver(DriverManager.java:32)\n\tat com.aeo.nativeappnew.tests.BaseTest.beforeTest(BaseTest.java:26)\n\tat java.base/jdk.internal.reflect.NativeMethodAccessorImpl.invoke0(Native Method)\n\tat java.base/jdk.internal.reflect.NativeMethodAccessorImpl.invoke(NativeMethodAccessorImpl.java:77)\n\tat java.base/jdk.internal.reflect.DelegatingMethodAccessorImpl.invoke(DelegatingMethodAccessorImpl.java:43)\n\tat java.base/java.lang.reflect.Method.invoke(Method.java:568)\n\tat org.testng.internal.invokers.MethodInvocationHelper.invokeMethod(MethodInvocationHelper.java:139)\n\tat org.testng.internal.invokers.MethodInvocationHelper.invokeMethodConsideringTimeout(MethodInvocationHelper.java:69)\n\tat org.testng.internal.invokers.ConfigInvoker.invokeConfigurationMethod(ConfigInvoker.java:361)\n\tat org.testng.internal.invokers.ConfigInvoker.invokeConfigurations(ConfigInvoker.java:296)\n\tat org.testng.TestRunner.invokeTestConfigurations(TestRunner.java:643)\n\tat org.testng.TestRunner.beforeRun(TestRunner.java:632)\n\tat org.testng.TestRunner.run(TestRunner.java:594)\n\tat org.testng.SuiteRunner.runTest(SuiteRunner.java:433)\n\tat org.testng.SuiteRunner$SuiteWorker.run(SuiteRunner.java:471)\n\tat org.testng.internal.thread.ThreadUtil.lambda$execute$0(ThreadUtil.java:58)\n\tat java.base/java.util.concurrent.FutureTask.run$$$capture(FutureTask.java:264)\n\tat java.base/java.util.concurrent.FutureTask.run(FutureTask.java)\n\tat java.base/java.util.concurrent.ThreadPoolExecutor.runWorker(ThreadPoolExecutor.java:1136)\n\tat java.base/java.util.concurrent.ThreadPoolExecutor$Worker.run(ThreadPoolExecutor.java:635)\n\tat java.base/java.lang.Thread.run(Thread.java:833)\n"},"stage":"finished","description":"","steps":[],"attachments":[],"parameters":[],"start":1700679135965,"stop":1700679526520}],"afters":[{"name":"afterTest","status":"passed","stage":"finished","description":"","steps":[],"attachments":[],"parameters":[],"start":1700679546676,"stop":1700679546676}],"start":1700679135963,"stop":1700679546676}